<?xml version="1.0" encoding="UTF-8"?>
<testsuites name="jest tests" tests="7" failures="5" errors="0" time="0.709">
  <testsuite name="Two Sum Problem" errors="0" failures="5" skipped="0" timestamp="2025-03-10T08:06:06" time="0.676" tests="7">
    <testcase classname="Two Sum Problem should return indices of numbers that add up to the target" name="Two Sum Problem should return indices of numbers that add up to the target" time="0.002">
      <failure>Error: expect(received).toEqual(expected) // deep equality

- Expected  - 4
+ Received  + 1

- Array [
-   0,
-   1,
- ]
+ Array []
    at Object.&lt;anonymous&gt; (/Users/sebastian_pernett/Documents/epam/dev/upskilling/javascript-modules/modules/javascript/02_two_sum/tests/two_sum.test.ts:9:20)
    at Promise.then.completed (/Users/sebastian_pernett/Documents/epam/dev/upskilling/javascript-modules/modules/javascript/02_two_sum/node_modules/jest-circus/build/utils.js:298:28)
    at new Promise (&lt;anonymous&gt;)
    at callAsyncCircusFn (/Users/sebastian_pernett/Documents/epam/dev/upskilling/javascript-modules/modules/javascript/02_two_sum/node_modules/jest-circus/build/utils.js:231:10)
    at _callCircusTest (/Users/sebastian_pernett/Documents/epam/dev/upskilling/javascript-modules/modules/javascript/02_two_sum/node_modules/jest-circus/build/run.js:316:40)
    at processTicksAndRejections (node:internal/process/task_queues:105:5)
    at _runTest (/Users/sebastian_pernett/Documents/epam/dev/upskilling/javascript-modules/modules/javascript/02_two_sum/node_modules/jest-circus/build/run.js:252:3)
    at _runTestsForDescribeBlock (/Users/sebastian_pernett/Documents/epam/dev/upskilling/javascript-modules/modules/javascript/02_two_sum/node_modules/jest-circus/build/run.js:126:9)
    at _runTestsForDescribeBlock (/Users/sebastian_pernett/Documents/epam/dev/upskilling/javascript-modules/modules/javascript/02_two_sum/node_modules/jest-circus/build/run.js:121:9)
    at run (/Users/sebastian_pernett/Documents/epam/dev/upskilling/javascript-modules/modules/javascript/02_two_sum/node_modules/jest-circus/build/run.js:71:3)
    at runAndTransformResultsToJestFormat (/Users/sebastian_pernett/Documents/epam/dev/upskilling/javascript-modules/modules/javascript/02_two_sum/node_modules/jest-circus/build/legacy-code-todo-rewrite/jestAdapterInit.js:122:21)
    at jestAdapter (/Users/sebastian_pernett/Documents/epam/dev/upskilling/javascript-modules/modules/javascript/02_two_sum/node_modules/jest-circus/build/legacy-code-todo-rewrite/jestAdapter.js:79:19)
    at runTestInternal (/Users/sebastian_pernett/Documents/epam/dev/upskilling/javascript-modules/modules/javascript/02_two_sum/node_modules/jest-runner/build/runTest.js:367:16)
    at runTest (/Users/sebastian_pernett/Documents/epam/dev/upskilling/javascript-modules/modules/javascript/02_two_sum/node_modules/jest-runner/build/runTest.js:444:34)</failure>
    </testcase>
    <testcase classname="Two Sum Problem should return indices for multiple pairs but any valid pair" name="Two Sum Problem should return indices for multiple pairs but any valid pair" time="0.001">
      <failure>Error: expect(received).toEqual(expected) // deep equality

- Expected  - 4
+ Received  + 1

- Array [
-   1,
-   2,
- ]
+ Array []
    at Object.&lt;anonymous&gt; (/Users/sebastian_pernett/Documents/epam/dev/upskilling/javascript-modules/modules/javascript/02_two_sum/tests/two_sum.test.ts:17:20)
    at Promise.then.completed (/Users/sebastian_pernett/Documents/epam/dev/upskilling/javascript-modules/modules/javascript/02_two_sum/node_modules/jest-circus/build/utils.js:298:28)
    at new Promise (&lt;anonymous&gt;)
    at callAsyncCircusFn (/Users/sebastian_pernett/Documents/epam/dev/upskilling/javascript-modules/modules/javascript/02_two_sum/node_modules/jest-circus/build/utils.js:231:10)
    at _callCircusTest (/Users/sebastian_pernett/Documents/epam/dev/upskilling/javascript-modules/modules/javascript/02_two_sum/node_modules/jest-circus/build/run.js:316:40)
    at processTicksAndRejections (node:internal/process/task_queues:105:5)
    at _runTest (/Users/sebastian_pernett/Documents/epam/dev/upskilling/javascript-modules/modules/javascript/02_two_sum/node_modules/jest-circus/build/run.js:252:3)
    at _runTestsForDescribeBlock (/Users/sebastian_pernett/Documents/epam/dev/upskilling/javascript-modules/modules/javascript/02_two_sum/node_modules/jest-circus/build/run.js:126:9)
    at _runTestsForDescribeBlock (/Users/sebastian_pernett/Documents/epam/dev/upskilling/javascript-modules/modules/javascript/02_two_sum/node_modules/jest-circus/build/run.js:121:9)
    at run (/Users/sebastian_pernett/Documents/epam/dev/upskilling/javascript-modules/modules/javascript/02_two_sum/node_modules/jest-circus/build/run.js:71:3)
    at runAndTransformResultsToJestFormat (/Users/sebastian_pernett/Documents/epam/dev/upskilling/javascript-modules/modules/javascript/02_two_sum/node_modules/jest-circus/build/legacy-code-todo-rewrite/jestAdapterInit.js:122:21)
    at jestAdapter (/Users/sebastian_pernett/Documents/epam/dev/upskilling/javascript-modules/modules/javascript/02_two_sum/node_modules/jest-circus/build/legacy-code-todo-rewrite/jestAdapter.js:79:19)
    at runTestInternal (/Users/sebastian_pernett/Documents/epam/dev/upskilling/javascript-modules/modules/javascript/02_two_sum/node_modules/jest-runner/build/runTest.js:367:16)
    at runTest (/Users/sebastian_pernett/Documents/epam/dev/upskilling/javascript-modules/modules/javascript/02_two_sum/node_modules/jest-runner/build/runTest.js:444:34)</failure>
    </testcase>
    <testcase classname="Two Sum Problem should return empty array if no pair exists" name="Two Sum Problem should return empty array if no pair exists" time="0">
    </testcase>
    <testcase classname="Two Sum Problem should handle negative numbers and the target" name="Two Sum Problem should handle negative numbers and the target" time="0.001">
      <failure>Error: expect(received).toEqual(expected) // deep equality

- Expected  - 4
+ Received  + 1

- Array [
-   0,
-   2,
- ]
+ Array []
    at Object.&lt;anonymous&gt; (/Users/sebastian_pernett/Documents/epam/dev/upskilling/javascript-modules/modules/javascript/02_two_sum/tests/two_sum.test.ts:33:20)
    at Promise.then.completed (/Users/sebastian_pernett/Documents/epam/dev/upskilling/javascript-modules/modules/javascript/02_two_sum/node_modules/jest-circus/build/utils.js:298:28)
    at new Promise (&lt;anonymous&gt;)
    at callAsyncCircusFn (/Users/sebastian_pernett/Documents/epam/dev/upskilling/javascript-modules/modules/javascript/02_two_sum/node_modules/jest-circus/build/utils.js:231:10)
    at _callCircusTest (/Users/sebastian_pernett/Documents/epam/dev/upskilling/javascript-modules/modules/javascript/02_two_sum/node_modules/jest-circus/build/run.js:316:40)
    at processTicksAndRejections (node:internal/process/task_queues:105:5)
    at _runTest (/Users/sebastian_pernett/Documents/epam/dev/upskilling/javascript-modules/modules/javascript/02_two_sum/node_modules/jest-circus/build/run.js:252:3)
    at _runTestsForDescribeBlock (/Users/sebastian_pernett/Documents/epam/dev/upskilling/javascript-modules/modules/javascript/02_two_sum/node_modules/jest-circus/build/run.js:126:9)
    at _runTestsForDescribeBlock (/Users/sebastian_pernett/Documents/epam/dev/upskilling/javascript-modules/modules/javascript/02_two_sum/node_modules/jest-circus/build/run.js:121:9)
    at run (/Users/sebastian_pernett/Documents/epam/dev/upskilling/javascript-modules/modules/javascript/02_two_sum/node_modules/jest-circus/build/run.js:71:3)
    at runAndTransformResultsToJestFormat (/Users/sebastian_pernett/Documents/epam/dev/upskilling/javascript-modules/modules/javascript/02_two_sum/node_modules/jest-circus/build/legacy-code-todo-rewrite/jestAdapterInit.js:122:21)
    at jestAdapter (/Users/sebastian_pernett/Documents/epam/dev/upskilling/javascript-modules/modules/javascript/02_two_sum/node_modules/jest-circus/build/legacy-code-todo-rewrite/jestAdapter.js:79:19)
    at runTestInternal (/Users/sebastian_pernett/Documents/epam/dev/upskilling/javascript-modules/modules/javascript/02_two_sum/node_modules/jest-runner/build/runTest.js:367:16)
    at runTest (/Users/sebastian_pernett/Documents/epam/dev/upskilling/javascript-modules/modules/javascript/02_two_sum/node_modules/jest-runner/build/runTest.js:444:34)</failure>
    </testcase>
    <testcase classname="Two Sum Problem should handle duplicate numbers in the array" name="Two Sum Problem should handle duplicate numbers in the array" time="0.001">
      <failure>Error: expect(received).toEqual(expected) // deep equality

- Expected  - 4
+ Received  + 1

- Array [
-   0,
-   1,
- ]
+ Array []
    at Object.&lt;anonymous&gt; (/Users/sebastian_pernett/Documents/epam/dev/upskilling/javascript-modules/modules/javascript/02_two_sum/tests/two_sum.test.ts:41:20)
    at Promise.then.completed (/Users/sebastian_pernett/Documents/epam/dev/upskilling/javascript-modules/modules/javascript/02_two_sum/node_modules/jest-circus/build/utils.js:298:28)
    at new Promise (&lt;anonymous&gt;)
    at callAsyncCircusFn (/Users/sebastian_pernett/Documents/epam/dev/upskilling/javascript-modules/modules/javascript/02_two_sum/node_modules/jest-circus/build/utils.js:231:10)
    at _callCircusTest (/Users/sebastian_pernett/Documents/epam/dev/upskilling/javascript-modules/modules/javascript/02_two_sum/node_modules/jest-circus/build/run.js:316:40)
    at processTicksAndRejections (node:internal/process/task_queues:105:5)
    at _runTest (/Users/sebastian_pernett/Documents/epam/dev/upskilling/javascript-modules/modules/javascript/02_two_sum/node_modules/jest-circus/build/run.js:252:3)
    at _runTestsForDescribeBlock (/Users/sebastian_pernett/Documents/epam/dev/upskilling/javascript-modules/modules/javascript/02_two_sum/node_modules/jest-circus/build/run.js:126:9)
    at _runTestsForDescribeBlock (/Users/sebastian_pernett/Documents/epam/dev/upskilling/javascript-modules/modules/javascript/02_two_sum/node_modules/jest-circus/build/run.js:121:9)
    at run (/Users/sebastian_pernett/Documents/epam/dev/upskilling/javascript-modules/modules/javascript/02_two_sum/node_modules/jest-circus/build/run.js:71:3)
    at runAndTransformResultsToJestFormat (/Users/sebastian_pernett/Documents/epam/dev/upskilling/javascript-modules/modules/javascript/02_two_sum/node_modules/jest-circus/build/legacy-code-todo-rewrite/jestAdapterInit.js:122:21)
    at jestAdapter (/Users/sebastian_pernett/Documents/epam/dev/upskilling/javascript-modules/modules/javascript/02_two_sum/node_modules/jest-circus/build/legacy-code-todo-rewrite/jestAdapter.js:79:19)
    at runTestInternal (/Users/sebastian_pernett/Documents/epam/dev/upskilling/javascript-modules/modules/javascript/02_two_sum/node_modules/jest-runner/build/runTest.js:367:16)
    at runTest (/Users/sebastian_pernett/Documents/epam/dev/upskilling/javascript-modules/modules/javascript/02_two_sum/node_modules/jest-runner/build/runTest.js:444:34)</failure>
    </testcase>
    <testcase classname="Two Sum Problem should handle a single element array with no solution" name="Two Sum Problem should handle a single element array with no solution" time="0">
    </testcase>
    <testcase classname="Two Sum Problem should return any valid pair if multiple solutions exist" name="Two Sum Problem should return any valid pair if multiple solutions exist" time="0.001">
      <failure>Error: expect(received).toContainEqual(expected) // deep equality

Expected value: []
Received array: [[1, 2], [1, 3]]
    at Object.&lt;anonymous&gt; (/Users/sebastian_pernett/Documents/epam/dev/upskilling/javascript-modules/modules/javascript/02_two_sum/tests/two_sum.test.ts:61:8)
    at Promise.then.completed (/Users/sebastian_pernett/Documents/epam/dev/upskilling/javascript-modules/modules/javascript/02_two_sum/node_modules/jest-circus/build/utils.js:298:28)
    at new Promise (&lt;anonymous&gt;)
    at callAsyncCircusFn (/Users/sebastian_pernett/Documents/epam/dev/upskilling/javascript-modules/modules/javascript/02_two_sum/node_modules/jest-circus/build/utils.js:231:10)
    at _callCircusTest (/Users/sebastian_pernett/Documents/epam/dev/upskilling/javascript-modules/modules/javascript/02_two_sum/node_modules/jest-circus/build/run.js:316:40)
    at processTicksAndRejections (node:internal/process/task_queues:105:5)
    at _runTest (/Users/sebastian_pernett/Documents/epam/dev/upskilling/javascript-modules/modules/javascript/02_two_sum/node_modules/jest-circus/build/run.js:252:3)
    at _runTestsForDescribeBlock (/Users/sebastian_pernett/Documents/epam/dev/upskilling/javascript-modules/modules/javascript/02_two_sum/node_modules/jest-circus/build/run.js:126:9)
    at _runTestsForDescribeBlock (/Users/sebastian_pernett/Documents/epam/dev/upskilling/javascript-modules/modules/javascript/02_two_sum/node_modules/jest-circus/build/run.js:121:9)
    at run (/Users/sebastian_pernett/Documents/epam/dev/upskilling/javascript-modules/modules/javascript/02_two_sum/node_modules/jest-circus/build/run.js:71:3)
    at runAndTransformResultsToJestFormat (/Users/sebastian_pernett/Documents/epam/dev/upskilling/javascript-modules/modules/javascript/02_two_sum/node_modules/jest-circus/build/legacy-code-todo-rewrite/jestAdapterInit.js:122:21)
    at jestAdapter (/Users/sebastian_pernett/Documents/epam/dev/upskilling/javascript-modules/modules/javascript/02_two_sum/node_modules/jest-circus/build/legacy-code-todo-rewrite/jestAdapter.js:79:19)
    at runTestInternal (/Users/sebastian_pernett/Documents/epam/dev/upskilling/javascript-modules/modules/javascript/02_two_sum/node_modules/jest-runner/build/runTest.js:367:16)
    at runTest (/Users/sebastian_pernett/Documents/epam/dev/upskilling/javascript-modules/modules/javascript/02_two_sum/node_modules/jest-runner/build/runTest.js:444:34)</failure>
    </testcase>
  </testsuite>
</testsuites>